[Tue Apr 14 04:33:10 PM CDT 2026] Retraining v4c winner (DETR 256-dim, DELTA=0.05, 150 epochs)
Matplotlib created a temporary cache directory at /tmp/matplotlib-tt3dq0e0 because the default path (/scratch/user/fahimehorvatinia/cursor/cache/matplotlib) is not a writable directory; it is highly recommended to set the MPLCONFIGDIR environment variable to a writable directory, in particular to speed up the import of Matplotlib and to better support multiprocessing.
Loaded: 1368 total samples, 16 layers
Layer list: [17, 18, 19, 20, 21, 22, 23, 24, 25, 26, 27, 28, 29, 30, 31, 32]
Split (70/20/10): 957 train  274 val  137 test (reserved for eval)
Router input mode: DETR cross-attention (256-dim) — ablation

Failed-cases filter ON  (DELTA_THRESHOLD=0.05):
  467 / 1368 samples have oracle > L32 by ≥0.05 cgF1
  Routing only matters for these 34.1% of samples.
  Filtered split: 317 train | 98 val

Class weights (inverse freq, normalized):
  L17: count=12  weight=0.652
  L18: count=6  weight=1.304
  L19: count=7  weight=1.118
  L20: count=6  weight=1.304
  L21: count=16  weight=0.489
  L22: count=14  weight=0.559
  L23: count=23  weight=0.340
  L24: count=24  weight=0.326
  L25: count=32  weight=0.245
  L26: count=21  weight=0.373
  L27: count=18  weight=0.435
  L28: count=19  weight=0.412
  L29: count=38  weight=0.206
  L30: count=30  weight=0.261
  L31: count=51  weight=0.153
  L32: count=1  weight=7.824

Training (70/20/10 split): 317 train | 98 val | test reserved
Device: cuda  Epochs: 300  LR: 0.0005  Batch: 64
Router input_dim: 256  (DETR cross-attn)
Loss: α=0.6 × KL + 0.4 × CE  (T=2.0)
Class-weighted CE: False  (prevents collapse to dominant layers)

Epoch    1/300  train_loss=1.1326  val_loss=1.1273  val_acc=11.2%  (best_val=1.1273)
Epoch   10/300  train_loss=1.0648  val_loss=1.0859  val_acc=15.3%  (best_val=1.0822)
Epoch   20/300  train_loss=0.9971  val_loss=1.0947  val_acc=14.3%  (best_val=1.0822)
Epoch   30/300  train_loss=0.8910  val_loss=1.1125  val_acc=15.3%  (best_val=1.0822)
Epoch   40/300  train_loss=0.7998  val_loss=1.1476  val_acc=15.3%  (best_val=1.0822)
Epoch   50/300  train_loss=0.7256  val_loss=1.1623  val_acc=16.3%  (best_val=1.0822)
Epoch   60/300  train_loss=0.6789  val_loss=1.1918  val_acc=13.3%  (best_val=1.0822)
Epoch   70/300  train_loss=0.6475  val_loss=1.2186  val_acc=11.2%  (best_val=1.0822)
Epoch   80/300  train_loss=0.6213  val_loss=1.2007  val_acc=11.2%  (best_val=1.0822)
Epoch   90/300  train_loss=0.6091  val_loss=1.2009  val_acc=12.2%  (best_val=1.0822)
Epoch  100/300  train_loss=0.5985  val_loss=1.1893  val_acc=14.3%  (best_val=1.0822)
Epoch  110/300  train_loss=0.5937  val_loss=1.1966  val_acc=9.2%  (best_val=1.0822)
Epoch  120/300  train_loss=0.5860  val_loss=1.1989  val_acc=13.3%  (best_val=1.0822)
Epoch  130/300  train_loss=0.5852  val_loss=1.1914  val_acc=14.3%  (best_val=1.0822)
Epoch  140/300  train_loss=0.5809  val_loss=1.1851  val_acc=10.2%  (best_val=1.0822)
Epoch  150/300  train_loss=0.5778  val_loss=1.1803  val_acc=10.2%  (best_val=1.0822)
Epoch  160/300  train_loss=0.5722  val_loss=1.1773  val_acc=11.2%  (best_val=1.0822)
Epoch  170/300  train_loss=0.5711  val_loss=1.1864  val_acc=11.2%  (best_val=1.0822)
Epoch  180/300  train_loss=0.5714  val_loss=1.1780  val_acc=11.2%  (best_val=1.0822)
Epoch  190/300  train_loss=0.5692  val_loss=1.1708  val_acc=15.3%  (best_val=1.0822)
Epoch  200/300  train_loss=0.5688  val_loss=1.1703  val_acc=12.2%  (best_val=1.0822)
Epoch  210/300  train_loss=0.5654  val_loss=1.1709  val_acc=12.2%  (best_val=1.0822)
Epoch  220/300  train_loss=0.5685  val_loss=1.1740  val_acc=13.3%  (best_val=1.0822)
Epoch  230/300  train_loss=0.5634  val_loss=1.1723  val_acc=12.2%  (best_val=1.0822)
Epoch  240/300  train_loss=0.5626  val_loss=1.1718  val_acc=14.3%  (best_val=1.0822)
Epoch  250/300  train_loss=0.5635  val_loss=1.1696  val_acc=13.3%  (best_val=1.0822)
Epoch  260/300  train_loss=0.5623  val_loss=1.1696  val_acc=13.3%  (best_val=1.0822)
Epoch  270/300  train_loss=0.5606  val_loss=1.1699  val_acc=13.3%  (best_val=1.0822)
Epoch  280/300  train_loss=0.5631  val_loss=1.1705  val_acc=14.3%  (best_val=1.0822)
Epoch  290/300  train_loss=0.5630  val_loss=1.1713  val_acc=12.2%  (best_val=1.0822)
Epoch  300/300  train_loss=0.5617  val_loss=1.1713  val_acc=12.2%  (best_val=1.0822)

Best checkpoint saved: /home/grads/f/fahimehorvatinia/Documents/newpaper_2026/capr_clean/results/capr_router_weights.pt
  best_val_loss = 1.0822
Training curve saved: /home/grads/f/fahimehorvatinia/Documents/newpaper_2026/capr_clean/results/router_training_curve.png

Val set: top-1 accuracy = 17.3%  within-1 accuracy = 34.7%
Predicted layer distribution:
  L17 (blk 16):    0 / 98
  L18 (blk 17):    0 / 98
  L19 (blk 18):    0 / 98
  L20 (blk 19):    0 / 98
  L21 (blk 20):    0 / 98
  L22 (blk 21):    0 / 98
  L23 (blk 22):    0 / 98
  L24 (blk 23):    1 / 98
  L25 (blk 24):    0 / 98
  L26 (blk 25):    0 / 98
  L27 (blk 26):    0 / 98
  L28 (blk 27):    0 / 98
  L29 (blk 28):    7 / 98
  L30 (blk 29):    3 / 98
  L31 (blk 30):   87 / 98
  L32 (blk 31):    0 / 98
